2024-12-26 11:36:03 - Starting backup process...
2024-12-26 11:36:04 - Schema changes detected: {
    "added_tables": [
        "salaries",
        "admin2",
        "sample",
        "admin1",
        "admin3"
    ],
    "removed_tables": [],
    "modified_tables": {}
}
2024-12-26 11:36:04 - Starting CDC change backup...
2024-12-26 11:36:04 - Error during CDC backup: 'psycopg2.extensions.cursor' object has no attribute 'start_replication'
2024-12-26 11:39:38 - Starting backup process...
2024-12-26 11:39:38 - Backing up current database schema...
2024-12-26 11:39:39 - Error during schema backup: Command '['pg_dump', '--host', 'localhost', '--port', '5432', '--username', 'postgres', '--schema-only', '--file', 'backups\\schema_backups\\schema_backup_20241226_113938.sql', 'test']' returned non-zero exit status 1.
2024-12-26 11:40:29 - Starting backup process...
2024-12-26 11:40:29 - Backing up current database schema...
2024-12-26 11:40:29 - Error during schema backup: Command '['pg_dump', '--host', '127.0.0.1', '--port', '5432', '--username', 'postgres', '--schema-only', '--file', 'backups\\schema_backups\\schema_backup_20241226_114029.sql', 'test']' returned non-zero exit status 1.
2024-12-26 12:20:22 - Starting backup process...
2024-12-26 12:20:22 - Backing up current database schema...
2024-12-26 12:20:22 - Error during schema backup: Command '['C:\\Program Files\\PostgreSQL\\16\\bin\\pg_dump', '--host', '127.0.0.1', '--port', '5432', '--username', 'postgres', '--schema-only', '--file', 'backups\\schema_backups\\schema_backup_20241226_122022.sql', 'test']' returned non-zero exit status 1.
2024-12-26 12:23:00 - Starting backup process...
2024-12-26 12:23:00 - Backing up current database schema...
2024-12-26 12:23:00 - Error during schema backup: Command '['C:\\Program Files\\PostgreSQL\\16\\bin\\pg_dump', '--host', '127.0.0.1', '--port', '5432', '--username', 'postgres', '--schema-only', '--file', 'backups\\schema_backups\\schema_backup_20241226_122300.sql', 'test']' returned non-zero exit status 1.
2024-12-26 12:23:13 - Starting backup process...
2024-12-26 12:23:13 - Backing up current database schema...
2024-12-26 12:23:13 - Error during schema backup: Command '['pg_dump', '--host', '127.0.0.1', '--port', '5432', '--username', 'postgres', '--schema-only', '--file', 'backups\\schema_backups\\schema_backup_20241226_122313.sql', 'test']' returned non-zero exit status 1.
2024-12-26 12:29:31 - Starting backup process...
2024-12-26 12:29:31 - Backing up current database schema...
2024-12-26 12:29:31 - Error during schema backup: Command '['pg_dump', '--host', '127.0.0.1', '--port', '5432', '--username', 'postgres', '--schema-only', '--file', 'backups\\schema_backups\\schema_backup_20241226_122931.sql', 'test']' returned non-zero exit status 1.
2024-12-26 12:30:11 - Starting backup process...
2024-12-26 12:30:11 - Backing up current database schema...
2024-12-26 12:30:11 - Error during schema backup: Command '['pg_dump', '--host', '127.0.0.1', '--port', '5432', '--username', 'postgres', '--schema-only', '--file', 'backups\\schema_backups\\schema_backup_20241226_123011.sql', 'test']' returned non-zero exit status 1.
2024-12-26 12:46:35 - Starting backup process...
2024-12-26 12:46:35 - Backing up current database schema...
2024-12-26 12:46:35 - Error during schema backup: Command '['pg_dump', '--host', '127.0.0.1', '--port', '5432', '--username', 'postgres', '--schema-only', '--file', 'backups\\schema_backups\\schema_backup_20241226_124635.sql', 'test']' returned non-zero exit status 1.
2024-12-26 12:47:00 - Starting backup process...
2024-12-26 12:47:00 - Backing up current database schema...
2024-12-26 12:47:00 - Error during schema backup: Command '['pg_dump', '--host', '127.0.0.1', '--port', '5432', '--username', 'postgres', '--schema-only', '--file', 'backups\\schema_backups\\schema_backup_20241226_124700.sql', 'test']' returned non-zero exit status 1.
2024-12-26 12:50:39 - Starting backup process...
2024-12-26 12:50:39 - Backing up current database schema...
2024-12-26 12:50:39 - Error during schema backup: Command '['pg_dump', '--host', '127.0.0.1', '--port', '5432', '--username', 'postgres', '--schema-only', '--file', 'backups\\schema_backups\\schema_backup_20241226_125039.sql', 'test']' returned non-zero exit status 1.
2024-12-26 12:52:28 - Starting backup process...
2024-12-26 12:52:28 - Backing up current database schema...
2024-12-26 12:52:28 - Error during schema backup: Command '['C:\\Program Files\\PostgreSQL\\16\\bin\\pg_dump', '--host', '127.0.0.1', '--port', '5432', '--username', 'postgres', '--schema-only', '--file', 'backups\\schema_backups\\schema_backup_20241226_125228.sql', 'test']' returned non-zero exit status 1.
2024-12-26 13:12:45 - Starting backup process...
2024-12-26 13:12:45 - Backing up current database schema...
2024-12-26 13:12:45 - Error during schema backup: Command '['C:\\Program Files\\PostgreSQL\\16\\bin\\pg_dump', '--host', '127.0.0.1', '--port', '5432', '--username', 'postgres', '--schema-only', '--file', 'backups\\schema_backups\\schema_backup_20241226_131245.sql', 'test']' returned non-zero exit status 1.
2024-12-26 13:12:48 - Starting backup process...
2024-12-26 13:12:48 - Backing up current database schema...
2024-12-26 13:12:48 - Error during schema backup: Command '['C:\\Program Files\\PostgreSQL\\16\\bin\\pg_dump', '--host', '127.0.0.1', '--port', '5432', '--username', 'postgres', '--schema-only', '--file', 'backups\\schema_backups\\schema_backup_20241226_131248.sql', 'test']' returned non-zero exit status 1.
2024-12-26 13:16:11 - Starting backup process...
2024-12-26 13:16:11 - Backing up current database schema...
2024-12-26 13:16:11 - Error during schema backup: Command '['C:\\\\Program Files\\\\PostgreSQL\\\\16\\\\bin\\\\pg_dump', '--host', '127.0.0.1', '--port', '5432', '--username', 'postgres', '--schema-only', 'test']' returned non-zero exit status 1.
2024-12-26 13:16:31 - Starting backup process...
2024-12-26 13:16:31 - Backing up current database schema...
2024-12-26 13:16:31 - Error during schema backup: Command '['C:\\Program Files\\PostgreSQL\\16\\bin\\pg_dump', '--host', '127.0.0.1', '--port', '5432', '--username', 'postgres', '--schema-only', 'test']' returned non-zero exit status 1.
2024-12-26 13:18:01 - Starting backup process...
2024-12-26 13:18:01 - Backing up current database schema...
2024-12-26 13:18:02 - Error during schema backup: Command '['pg_dump', '--host', '127.0.0.1', '--port', '5432', '--username', 'postgres', '--schema-only', 'test']' returned non-zero exit status 1.
2024-12-26 14:18:31 - Backup schedule started. Press Ctrl+C to stop.
2024-12-26 14:28:32 - Starting CDC change backup...
2024-12-26 14:28:32 - Error during CDC backup: replication slot "cdc_slot" does not exist

2024-12-26 14:34:33 - Backup schedule started. Press Ctrl+C to stop.
2024-12-26 14:35:35 - Backup schedule started. Press Ctrl+C to stop.
2024-12-26 14:37:00 - Backing up full database...
2024-12-26 14:37:00 - Error during full backup: Command '['pg_dump', '--host', '127.0.0.1', '--port', '5432', '--username', 'postgres', '--file', 'backups\\full_backups\\full_backup_20241226_143700.sql', '--no-password', 'test']' returned non-zero exit status 1.
2024-12-26 14:49:59 - Backup schedule started. Press Ctrl+C to stop.
2024-12-26 14:50:00 - Backing up full database...
2024-12-26 14:50:00 - Error during full backup: Command '['pg_dump', '--host', '127.0.0.1', '--port', '5432', '--username', 'postgres', '--file', 'backups\\full_backups\\full_backup_20241226_145000.sql', '--no-password', 'test']' returned non-zero exit status 1.
2024-12-26 14:51:28 - Backup schedule started. Press Ctrl+C to stop.
2024-12-26 14:52:00 - Backing up full database...
2024-12-26 14:52:00 - Error during full backup: Command '['pg_dump', '-h', '127.0.0.1', '-p', '5432', '-U', 'postgres', '-F', 'c', '-b', '-v', '-f', 'backups\\full_backups\\full_backup_20241226_145200.sql', 'test']' returned non-zero exit status 1.
2024-12-26 14:56:26 - Backup schedule started. Press Ctrl+C to stop.
2024-12-26 14:57:00 - Backing up full database...
2024-12-26 14:57:00 - Error during full backup: Command '['pg_dump', '-h', '127.0.0.1', '-p', '5432', '-U', 'postgres', '-F', 'c', '-b', '-v', '-f', 'backups\\full_backups\\full_backup_20241226_145700.sql', 'test']' returned non-zero exit status 1.
2024-12-26 15:02:59 - INFO - Successfully connected to PostgreSQL. Version: PostgreSQL 16.4, compiled by Visual C++ build 1941, 64-bit
2024-12-26 15:02:59 - INFO - Starting full database backup...
2024-12-26 15:02:59 - INFO - Full backup completed successfully: backups\full_backups\full_backup_20241226_150259.dump
2024-12-26 15:04:28 - INFO - Successfully connected to PostgreSQL. Version: PostgreSQL 16.4, compiled by Visual C++ build 1941, 64-bit
2024-12-26 15:04:28 - INFO - Starting full database backup...
2024-12-26 15:04:29 - INFO - Full backup completed successfully: backups\full_backups\full_backup_20241226_150428.dump
2024-12-26 15:04:29 - INFO - Setting up backup schedule...
2024-12-26 15:04:29 - INFO - Scheduled full backups for 00:00 daily
2024-12-26 15:04:29 - INFO - Scheduled CDC backups every 10 minutes
2024-12-26 15:04:29 - INFO - Starting scheduled backup jobs. Press Ctrl+C to stop.
2024-12-26 15:13:02 - INFO - Backup scheduler stopped by user
2024-12-26 15:21:50 - INFO - Successfully connected to PostgreSQL. Version: PostgreSQL 16.4, compiled by Visual C++ build 1941, 64-bit
2024-12-26 15:21:50 - INFO - Schema change detected for table: admin1
2024-12-26 15:21:50 - INFO - Schema change detected for table: admin2
2024-12-26 15:21:50 - INFO - Schema change detected for table: sample
2024-12-26 15:21:50 - INFO - Schema change detected for table: admin3
2024-12-26 15:21:50 - INFO - Schema change detected for table: salaries
2024-12-26 15:21:51 - INFO - Table backup completed: admin1 -> backups\schema_backups\admin1_backup_20241226_152150.dump
2024-12-26 15:21:52 - INFO - Table backup completed: admin2 -> backups\schema_backups\admin2_backup_20241226_152150.dump
2024-12-26 15:21:52 - INFO - Table backup completed: sample -> backups\schema_backups\sample_backup_20241226_152150.dump
2024-12-26 15:21:52 - INFO - Table backup completed: admin3 -> backups\schema_backups\admin3_backup_20241226_152150.dump
2024-12-26 15:21:53 - INFO - Table backup completed: salaries -> backups\schema_backups\salaries_backup_20241226_152150.dump
2024-12-26 15:21:53 - INFO - Starting full database backup...
2024-12-26 15:21:53 - INFO - Full backup completed: backups\full_backups\full_backup_20241226_152153.dump
2024-12-26 15:21:53 - INFO - Setting up backup schedule...
2024-12-26 15:21:53 - INFO - Scheduled full backups for 00:00 daily
2024-12-26 15:21:53 - INFO - Scheduled schema checks every hour
2024-12-26 15:21:53 - INFO - Scheduled CDC backups every 10 minutes
2024-12-26 15:21:53 - INFO - Starting scheduled backup jobs. Press Ctrl+C to stop.
2024-12-26 15:29:33 - INFO - Backup scheduler stopped by user
2024-12-26 15:29:41 - INFO - Successfully connected to PostgreSQL. Version: PostgreSQL 16.4, compiled by Visual C++ build 1941, 64-bit
2024-12-26 15:29:41 - INFO - Starting full database backup...
2024-12-26 15:29:42 - INFO - Full backup completed: backups\full_backups\full_backup_20241226_152941.dump
2024-12-26 15:29:42 - INFO - Setting up backup schedule...
2024-12-26 15:29:42 - INFO - Scheduled full backups for 00:00 daily
2024-12-26 15:29:42 - INFO - Scheduled schema checks every hour
2024-12-26 15:29:42 - INFO - Scheduled CDC backups every 10 minutes
2024-12-26 15:29:42 - INFO - Starting scheduled backup jobs. Press Ctrl+C to stop.
2024-12-26 15:29:56 - INFO - Backup scheduler stopped by user
2024-12-26 15:30:01 - INFO - Successfully connected to PostgreSQL. Version: PostgreSQL 16.4, compiled by Visual C++ build 1941, 64-bit
2024-12-26 15:30:01 - INFO - Starting full database backup...
2024-12-26 15:30:01 - INFO - Full backup completed: backups\full_backups\full_backup_20241226_153001.dump
2024-12-26 15:30:01 - INFO - Setting up backup schedule...
2024-12-26 15:30:01 - INFO - Scheduled full backups for 00:00 daily
2024-12-26 15:30:01 - INFO - Scheduled schema checks every hour
2024-12-26 15:30:01 - INFO - Scheduled CDC backups every 10 minutes
2024-12-26 15:30:01 - INFO - Starting scheduled backup jobs. Press Ctrl+C to stop.
2024-12-26 15:31:01 - INFO - Starting CDC change backup...
2024-12-26 15:31:01 - ERROR - Error during CDC backup: replication slot "cdc_slot" does not exist

2024-12-26 15:31:01 - ERROR - Error in backup scheduler: replication slot "cdc_slot" does not exist

2024-12-26 15:33:12 - INFO - Successfully connected to PostgreSQL. Version: PostgreSQL 16.4, compiled by Visual C++ build 1941, 64-bit
2024-12-26 15:33:13 - INFO - Starting full database backup...
2024-12-26 15:33:13 - INFO - Full backup completed: backups\full_backups\full_backup_20241226_153313.dump
2024-12-26 15:33:13 - INFO - Setting up backup schedule...
2024-12-26 15:33:13 - INFO - Scheduled full backups for 00:00 daily
2024-12-26 15:33:13 - INFO - Scheduled schema checks every hour
2024-12-26 15:33:13 - INFO - Scheduled CDC backups every 10 minutes
2024-12-26 15:33:13 - INFO - Starting scheduled backup jobs. Press Ctrl+C to stop.
2024-12-26 15:34:13 - INFO - Starting CDC change backup...
2024-12-26 15:34:13 - ERROR - Error during CDC backup: option "pretty-print" = "1" is unknown
CONTEXT:  slot "vstatetest_slot", output plugin "test_decoding", in the startup callback

2024-12-26 15:34:13 - ERROR - Error in backup scheduler: option "pretty-print" = "1" is unknown
CONTEXT:  slot "vstatetest_slot", output plugin "test_decoding", in the startup callback

2024-12-26 16:54:06 - INFO - Successfully connected to PostgreSQL. Version: PostgreSQL 16.4, compiled by Visual C++ build 1941, 64-bit
2024-12-26 17:15:05 - INFO - Backup process stopped.
